<?xml version="1.0" encoding="UTF-8"?>
<testsuite xmlns:xsi="http://www.w3.org/2001/XMLSchema-instance" xsi:noNamespaceSchemaLocation="https://maven.apache.org/surefire/maven-surefire-plugin/xsd/surefire-test-report-3.0.xsd" version="3.0" name="com.ug5b.soal1.VoucherTest" time="0.0" tests="4" errors="0" skipped="0" failures="0">
  <properties>
    <property name="java.specification.version" value="21"/>
    <property name="sun.cpu.isalist" value="amd64"/>
    <property name="sun.jnu.encoding" value="Cp1252"/>
    <property name="java.class.path" value="D:\Camp push\Semester 4\Prak rpl\UG\ug2-Jaketus0-main\target\test-classes;D:\Camp push\Semester 4\Prak rpl\UG\ug2-Jaketus0-main\target\classes;C:\Users\viaan\.m2\repository\junit\junit\4.13.2\junit-4.13.2.jar;C:\Users\viaan\.m2\repository\org\hamcrest\hamcrest-core\1.3\hamcrest-core-1.3.jar;"/>
    <property name="java.vm.vendor" value="Oracle Corporation"/>
    <property name="sun.arch.data.model" value="64"/>
    <property name="user.variant" value=""/>
    <property name="java.vendor.url" value="https://java.oracle.com/"/>
    <property name="user.timezone" value="Asia/Jakarta"/>
    <property name="os.name" value="Windows 10"/>
    <property name="java.vm.specification.version" value="21"/>
    <property name="sun.java.launcher" value="SUN_STANDARD"/>
    <property name="user.country" value="US"/>
    <property name="sun.boot.library.path" value="C:\Program Files\Java\jdk-21\bin"/>
    <property name="sun.java.command" value="C:\Users\viaan\AppData\Local\Temp\surefire10055536843042584646\surefirebooter-20240220152833713_3.jar C:\Users\viaan\AppData\Local\Temp\surefire10055536843042584646 2024-02-20T15-28-32_553-jvmRun1 surefire-20240220152833713_1tmp surefire_0-20240220152833713_2tmp"/>
    <property name="jdk.debug" value="release"/>
    <property name="surefire.test.class.path" value="D:\Camp push\Semester 4\Prak rpl\UG\ug2-Jaketus0-main\target\test-classes;D:\Camp push\Semester 4\Prak rpl\UG\ug2-Jaketus0-main\target\classes;C:\Users\viaan\.m2\repository\junit\junit\4.13.2\junit-4.13.2.jar;C:\Users\viaan\.m2\repository\org\hamcrest\hamcrest-core\1.3\hamcrest-core-1.3.jar;"/>
    <property name="sun.cpu.endian" value="little"/>
    <property name="user.home" value="C:\Users\viaan"/>
    <property name="user.language" value="en"/>
    <property name="java.specification.vendor" value="Oracle Corporation"/>
    <property name="java.version.date" value="2024-01-16"/>
    <property name="java.home" value="C:\Program Files\Java\jdk-21"/>
    <property name="file.separator" value="\"/>
    <property name="basedir" value="D:\Camp push\Semester 4\Prak rpl\UG\ug2-Jaketus0-main"/>
    <property name="java.vm.compressedOopsMode" value="Zero based"/>
    <property name="line.separator" value="&#10;"/>
    <property name="java.vm.specification.vendor" value="Oracle Corporation"/>
    <property name="java.specification.name" value="Java Platform API Specification"/>
    <property name="surefire.real.class.path" value="C:\Users\viaan\AppData\Local\Temp\surefire10055536843042584646\surefirebooter-20240220152833713_3.jar"/>
    <property name="user.script" value=""/>
    <property name="sun.management.compiler" value="HotSpot 64-Bit Tiered Compilers"/>
    <property name="java.runtime.version" value="21.0.2+13-LTS-58"/>
    <property name="user.name" value="viaan"/>
    <property name="stdout.encoding" value="Cp1252"/>
    <property name="path.separator" value=";"/>
    <property name="os.version" value="10.0"/>
    <property name="java.runtime.name" value="Java(TM) SE Runtime Environment"/>
    <property name="file.encoding" value="UTF-8"/>
    <property name="java.vm.name" value="Java HotSpot(TM) 64-Bit Server VM"/>
    <property name="localRepository" value="C:\Users\viaan\.m2\repository"/>
    <property name="java.vendor.url.bug" value="https://bugreport.java.com/bugreport/"/>
    <property name="java.io.tmpdir" value="C:\Users\viaan\AppData\Local\Temp\"/>
    <property name="idea.version" value="2023.3.3"/>
    <property name="java.version" value="21.0.2"/>
    <property name="user.dir" value="D:\Camp push\Semester 4\Prak rpl\UG\ug2-Jaketus0-main"/>
    <property name="os.arch" value="amd64"/>
    <property name="java.vm.specification.name" value="Java Virtual Machine Specification"/>
    <property name="sun.os.patch.level" value=""/>
    <property name="native.encoding" value="Cp1252"/>
    <property name="java.library.path" value="C:\Program Files\Java\jdk-21\bin;C:\WINDOWS\Sun\Java\bin;C:\WINDOWS\system32;C:\WINDOWS;C:\Program Files\Common Files\Oracle\Java\javapath;C:\Program Files (x86)\Common Files\Oracle\Java\javapath;C:\Windows\system32;C:\Windows;C:\Windows\System32\Wbem;C:\Windows\System32\WindowsPowerShell\v1.0\;C:\Windows\System32\OpenSSH\;C:\Program Files (x86)\NVIDIA Corporation\PhysX\Common;C:\Program Files\NVIDIA Corporation\NVIDIA NvDLISR;C:\Program Files\PuTTY\;C:\Program Files\dotnet\;C:\MinGW\bin;C:\Program Files (x86)\Java\jre-1.8\bin;C:\Program Files\Git\cmd;D:\Maven\apache-maven-3.9.6\bin;C:\Users\viaan\AppData\Local\Programs\Python\Python312\Scripts\;C:\Users\viaan\AppData\Local\Programs\Python\Python312\;C:\Users\viaan\AppData\Local\Programs\Python\Launcher\;C:\Program Files (x86)\Java\jre-1.8\bin;C:\Users\viaan\AppData\Local\Programs\Microsoft VS Code\bin;C:\Program Files\JetBrains\IntelliJ IDEA 2023.2.5\bin;;."/>
    <property name="java.vm.info" value="mixed mode, sharing"/>
    <property name="stderr.encoding" value="Cp1252"/>
    <property name="java.vendor" value="Oracle Corporation"/>
    <property name="java.vm.version" value="21.0.2+13-LTS-58"/>
    <property name="sun.io.unicode.encoding" value="UnicodeLittle"/>
    <property name="java.class.version" value="65.0"/>
  </properties>
  <testcase name="testBuatVoucherWithNegativeNominal" classname="com.ug5b.soal1.VoucherTest" time="0.0"/>
  <testcase name="testBuatVoucherWithZeroNominal" classname="com.ug5b.soal1.VoucherTest" time="0.0"/>
  <testcase name="testBuatVoucherWithValidNominal" classname="com.ug5b.soal1.VoucherTest" time="0.0"/>
  <testcase name="testSetterGetter" classname="com.ug5b.soal1.VoucherTest" time="0.0"/>
</testsuite>